2025-11-07T15:10:33.892Z params={"slug":"revolut-from-multi-currency-card-to-45-billion-neobank-a-full-financing-journey"}
2025-11-07T15:10:33.893Z slug=revolut-from-multi-currency-card-to-45-billion-neobank-a-full-financing-journey
2025-11-07T15:10:33.905Z slug=revolut-from-multi-currency-card-to-45-billion-neobank-a-full-financing-journey
2025-11-07T15:12:20.869Z params={"slug":"revolut-from-multi-currency-card-to-45-billion-neobank-a-full-financing-journey"}
2025-11-07T15:12:20.869Z slug=revolut-from-multi-currency-card-to-45-billion-neobank-a-full-financing-journey
2025-11-07T15:12:20.880Z slug=revolut-from-multi-currency-card-to-45-billion-neobank-a-full-financing-journey
2025-11-07T15:18:44.629Z params={"slug":"revolut-from-multi-currency-card-to-45-billion-neobank-a-full-financing-journey"}
2025-11-07T15:18:44.630Z slug=revolut-from-multi-currency-card-to-45-billion-neobank-a-full-financing-journey
2025-11-07T15:18:44.643Z slug=revolut-from-multi-currency-card-to-45-billion-neobank-a-full-financing-journey
2025-11-07T15:19:45.988Z params={"slug":"building-durable-companies-in-an-age-of-liquidity"}
2025-11-07T15:19:45.989Z slug=building-durable-companies-in-an-age-of-liquidity
2025-11-07T15:19:46.000Z slug=building-durable-companies-in-an-age-of-liquidity
2025-11-07T15:22:05.227Z params={"slug":"building-durable-companies-in-an-age-of-liquidity"}
2025-11-07T15:22:05.228Z slug=building-durable-companies-in-an-age-of-liquidity
2025-11-07T15:22:05.240Z slug=building-durable-companies-in-an-age-of-liquidity
2025-11-07T15:22:55.781Z params={"slug":"revolut-from-multi-currency-card-to-45-billion-neobank-a-full-financing-journey"}
2025-11-07T15:22:55.781Z slug=revolut-from-multi-currency-card-to-45-billion-neobank-a-full-financing-journey
2025-11-07T15:22:55.790Z slug=revolut-from-multi-currency-card-to-45-billion-neobank-a-full-financing-journey
2025-11-07T15:23:35.624Z params={"slug":"fast-take-b2b-pricing-power"}
2025-11-07T15:23:35.625Z slug=fast-take-b2b-pricing-power
2025-11-07T15:23:35.634Z slug=fast-take-b2b-pricing-power
2025-11-07T15:24:17.351Z params={"slug":"fast-take-b2b-pricing-power"}
2025-11-07T15:24:17.351Z slug=fast-take-b2b-pricing-power
2025-11-07T15:24:17.363Z slug=fast-take-b2b-pricing-power
2025-11-07T15:34:31.300Z params={"slug":"revolut-from-multi-currency-card-to-45-billion-neobank-a-full-financing-journey"}
2025-11-07T15:34:31.301Z slug=revolut-from-multi-currency-card-to-45-billion-neobank-a-full-financing-journey
2025-11-07T15:34:31.319Z slug=revolut-from-multi-currency-card-to-45-billion-neobank-a-full-financing-journey
2025-11-07T15:38:20.202Z params={"slug":"building-durable-companies-in-an-age-of-liquidity"}
2025-11-07T15:38:20.203Z slug=building-durable-companies-in-an-age-of-liquidity
2025-11-07T15:38:20.216Z slug=building-durable-companies-in-an-age-of-liquidity
2025-11-07T15:40:42.054Z params={"slug":"building-durable-companies-in-an-age-of-liquidity"}
2025-11-07T15:40:42.055Z slug=building-durable-companies-in-an-age-of-liquidity
2025-11-07T15:40:42.066Z slug=building-durable-companies-in-an-age-of-liquidity
2025-11-07T15:41:41.369Z params={"slug":"building-durable-companies-in-an-age-of-liquidity"}
2025-11-07T15:41:41.369Z slug=building-durable-companies-in-an-age-of-liquidity
2025-11-07T15:41:41.383Z slug=building-durable-companies-in-an-age-of-liquidity
2025-11-07T15:42:28.353Z params={"slug":"revolut-from-multi-currency-card-to-45-billion-neobank-a-full-financing-journey"}
2025-11-07T15:42:28.353Z slug=revolut-from-multi-currency-card-to-45-billion-neobank-a-full-financing-journey
2025-11-07T15:42:28.364Z slug=revolut-from-multi-currency-card-to-45-billion-neobank-a-full-financing-journey
2025-11-07T15:50:55.855Z params={"slug":"revolut-from-multi-currency-card-to-45-billion-neobank-a-full-financing-journey"}
2025-11-07T15:50:55.855Z slug=revolut-from-multi-currency-card-to-45-billion-neobank-a-full-financing-journey
2025-11-07T15:50:55.870Z slug=revolut-from-multi-currency-card-to-45-billion-neobank-a-full-financing-journey
2025-11-07T15:53:10.702Z params={"slug":"revolut-from-multi-currency-card-to-45-billion-neobank-a-full-financing-journey"}
2025-11-07T15:53:10.702Z slug=revolut-from-multi-currency-card-to-45-billion-neobank-a-full-financing-journey
2025-11-07T15:53:10.716Z slug=revolut-from-multi-currency-card-to-45-billion-neobank-a-full-financing-journey
2025-11-07T15:54:36.871Z params={"slug":"revolut-from-multi-currency-card-to-45-billion-neobank-a-full-financing-journey"}
2025-11-07T15:54:36.872Z slug=revolut-from-multi-currency-card-to-45-billion-neobank-a-full-financing-journey
2025-11-07T15:54:36.886Z slug=revolut-from-multi-currency-card-to-45-billion-neobank-a-full-financing-journey
2025-11-07T15:59:26.887Z params={"slug":"revolut-from-multi-currency-card-to-45-billion-neobank-a-full-financing-journey"}
2025-11-07T15:59:26.887Z slug=revolut-from-multi-currency-card-to-45-billion-neobank-a-full-financing-journey
2025-11-07T15:59:26.905Z slug=revolut-from-multi-currency-card-to-45-billion-neobank-a-full-financing-journey
2025-11-07T16:01:38.415Z params={"slug":"revolut-from-multi-currency-card-to-45-billion-neobank-a-full-financing-journey"}
2025-11-07T16:01:38.415Z slug=revolut-from-multi-currency-card-to-45-billion-neobank-a-full-financing-journey
2025-11-07T16:01:38.427Z slug=revolut-from-multi-currency-card-to-45-billion-neobank-a-full-financing-journey
